[    0000000] Initializing group susys cpuset
[    0.00000] Initialzing cgroup subsys cpu
[    0.000000] Initializing cgroup subsys cpuacct
[    0.000000] inux version 44.0-141-gneric (buildd@lcy01-amd64-27) (gc version5.4.0 20160609 (Ubuntu 5.4.0-6ubuntu1~16.04.10) ) #167-Ubuntu SMP Wed Dec 5 10:38:08 UTC 2018 (Ubuntu 4.4.0-141.167-generic 4.4.162)
[    0.000000] KERNEL supported cpus:
[    0.000000]   Intel GenuineIntel
[    0.000000]   AMD AuthenticAMD
[    0.000000]   NSC Geode by NSC
[    0.000000]   Cyrix CyrixInstead
[    0.000000]   Centaur CentaurHauls
[    0.000000]   Transmeta GenuineTMx86
[    0.000000]   Transmeta TransmetaCPU
[   0.000000]   UMC UMC UMC UMC
[    0.000000] x86/fpu: xstate_offset[2]:  576, xstate_sizes[2]:  256
[    0.000000] x86/fpu: Suporting XSAVE feature 0x01: 'x87 floating pint registers'
[    0.000000] x86/fpu: Supprting XSAVE feature 0x02: 'SSE registers
[    0.000000] 86/fpu Supporting SAVE feature 0x04 'AVX egisters'
[   0.000000] x86/fpu: Enabled xstate features 0x7, context size is 832 bytes, using 'standard' format.
[    0.000000] e820: OS-provided physical RAM map:
[    0.000000] BIOS-e820: [mem 0x0000000000000000-0x000000000009fbff usable
[    0.000000] BIOS-e820: [mem 0x000000000009fc00-0x000000000009ffff] reserved
[    0.000000] BIOS--e82: [mm 0x00000000000f000-0x00000000000ffff] reserved
[    0.000000] BIOS-e820: [mem 0x0000000000100000-0x000000003ffeffff] usable
[    0.000000] BIOS-e820: [mem 0x00000003fff0000-0x000000003ffffff] ACPI data
[    0.00000] BIOS-e820: [mem 0x00000000fec00000-0x00000000fec00fff] reserved
[    0.000000] BIOS-e820: [mem 0x00000000fee00000-0x00000000fee00fff] reserved
[   0.000000] BIOS-e80: [mem 0x00000000fffc0000-0x00000000ffffffff] reserved
[    0.000000] NX (Execute Disable) protection: active
[    0.000000] SMBIOS 2.5 present.
[    0.000000] Hypervisor detected: KVM
[    0.000000] e20: last_pfn = 0x3fff0 max_arch_pfn = x1000000
[   0.0000000] MTRR: Disabled
[    0.000000 x86/PAT MTRRs dsabled, skipping PAT initialization too.
[    0.000000] CPU MTRRs all blank - virtualized system.
[    0.000000] x86/PAT: Configuration [0-7]: WB  WT  UC- UC  WB  WT  UC- UC  
[    0.00000] found SMP MP-table at [mem 0x0009fff0-0x009ffff] mapped at [c009fff0]
[    0.000000 Scanning 1 areas for low memory corruption
[    0.000000] RAMDISK: [mem 0x363d2000-0x371e0fff]
[    0.000000] ACPI: arly table checksum verification disabled
[    0.000000] ACPI: RSDP 0x00000000000E0000 000024 (v02 VBOX  )
[    0.000000] ACPI: XDT 0x000000003FFF0030 00003C (v01 VBOX   VBOXXSDT 00000001 ASL 00000061)
[   0.000000] ACPI: FACP 0x000000003FFF00F0 0000F4 (v04 VBOX   VBOXFACP 00000001 ASL  00000061)
[    0.000000] ACPI: DSDT 0x000000003FFF0470 021FF (v02 VBOX   VBOXBIOS 0000000 INTL 20100528)
[    0.000000] ACPI: FACS 0x000000003FFF0200 000040
[    0.000000] ACPI: FACS 0x000000003FFF0200 000040
[    0.000000] ACPI: APIC 0x000000003FFF0240 00005C (v02 VBOX   VBOXAPIC 00000001 ASL  00000061)
[    0.000000]ACPI: SSDT0x000000003FFF02A0 0001CC (v01 VBOX   VBOXCPUT 00000002 INTL 20100528)
[    0.000000] 131MBHIGHMEM available.
[    0.000000] 891MB LOWMEM available.
[    0.000000]   mapped low ram: 0 - 37bfe000
[    0.000000]   low ram: 0 - 7bfe000[    0.000000] kvm-clock: Using msrs 4b564d1 and 4b564d00
[   0.00000] kvm-clock: cpu 0, msr 0:37bfd001, primary cpu clock
[    0.000000] kvm-clock: using sched offset of 4262850044 cycles
[    0.000000] clocksourc: kvm-clock: mask: 0xffffffffffffffff max_cycles: 0x1cd42e4dffb, max_idle_ns: 88159059148 ns
[   0.000000] Zone ranges
[    0.000000]  DMA      [me 0x0000000000001000-x000000000ffffff]
[    0.000000]   Normal   [mem 0x0000000001000000-0x0000000037bfdfff]
[    0.000000]   HighMem  [mem 0x0000000037bf000-0x000000003ffeffff]
[    0.000000] Movable zone srt for each node
[    0.000000] Early memory node ranges
[    0.000000]   node   0: [mem 0x0000000000001000-0x000000000009eff]
[    0.000000]   node   0: [mem 0x0000000000100000-0x000000003ffefff]
[   0.000000] Initmem setu node 0 [mem 0x0000000000001000-0x000000003ffeffff]
[    0.000000] Using APIC driver default
[    0.000000] ACPI: PM-Timer IO Port: 0x4008
[   0.000000] IOAPIC[0]: apic_id 2, version 32, address 0xfec00000, GSI 0-23
[   0.000000] ACPI: INT_SRC_OVR (us 0 bus_irq 0 global_irq 2 dfl dfl)
[    0.000000] AACPI: INT_SRC_OVR (bus 0 bus_irq 9 global_irq 9 low level)
[    0.000000] Using ACPI (MADT) for SMP configuration information
[    0.000000] smpboot Allowing 2 CPUs, 0 hotplug CPUs
[    0.000000] PM: Registered nosave memory: [mem 0x00000000-0x00000fff]
[   0.000000] PM: Registered nosav memory: [mem 0x0009f000-0x0009ffff]
[   0.000000] PM: Registerd nosave memory: [mem 0x000a0000-0x000effff]
[    0.000000] PM: Registered nosave memory: [mem 0x000f0000-0x000fffff]
[    0.000000] e820: [mem 0x40000000-0xfebfffff] available for PCI devices
[    0.000000] Booting paravirtualized kernel on KVM
[    0.000000] clocksource: refined-jiffies: mask:0xfffffff max_cycles: 0xffffffff, max_idle_ns: 7645519600211568 ns
[    0.000000] setup_percpu: NR_CPUS:8 nr_cpumask_bits:8 nr_cpu_ids:2 nr_nde_ids:1
[    0.000000] PERCPU: Embeded 9 pages/cpu @f63a0000 s47436 r0 d30388 u77824
[    0.000000] PV qspinlck hash table entries: 512 (order: 0, 4096 bytes)
[    0.000000] Built 1 zonelists in Zone order, mobility grouping on.  Total pages: 259800
[    0.000000] Kernel command line: BOOT_IMAGE=/boot/vmlinuz-4.4.0-141-generic root=LABEL=cloudimg-rootfs ro console=tty1 console=ttyS0
[    0.000000] PID hash table entries: 4096 (order: 2, 16384 bytes)
[    0.000000] Dentry cache hash table entries: 131072 (order: 7, 524288 bytes)
[    0.000000] Iode-cache hash table entries: 65536 (order: 6,262144 bytes)
[    0.000000] Intializing CPU#0
[   0.000000] Initializing HighMem for node 0 (00037bfe:0003fff0)
[    0.000000] Initializing Movable for node 0 (00000000:00000000)
[    00.00000] Memory: 1008408K/1048120K avalabl (8052K kernel code, 778K rwdata, 3180K rodata, 952K init, 800K bss, 39712K reserved, 0K cma-reserved, 135112K highmem)
[    0.000000] virtual kernel memory layout:
[    0.000000]     fixmap  : 0xfff1000 - 0xfffff000   ( 936 kB)
[    0.000000]     pkmap   : 0ffc00000 - 0xfe00000   (2048 kB)
[    0.000000]     vmalloc : 0xf83fe000 - 0ffbfe000   ( 120 MB)
[    0.000000]     lowmem  : 0xc0000000 - 0xf7be000  ( 891 MB)
[    0.000000]       .init : 0xc1bbe000 - 0xc1cac000   ( 952 kB)
[    0.000000]       .data : 0xc17dd3c4 - xc1bbc9c0   (3965 kB)
[    0.000000]       .text : 0xc1000000 - 0xc17dd3c4   (8052 k)
[    0.000000] Checking if this processor honours the WP bit even in supervisor mode...Ok.
[    0.000000] SLUB: HWalign=64, Order=0-3, MinObjects=0, CPUs=2, Nodes=1
[    0.000000] Hierarchical RCU implementation.
[    0.000000] 	Build-time adjustment of leaf fanout to 32.
[   0.000000] 	RCU restricting CPUs from NR_CPUS=8 to nr_cpu_ids=2.
[    0.000000] RCU: Adjusting geometry for rcu_fanout_leaf=32, nr_cpu_ids=2
[   0.000000] NR_IRQS:2304 nr_irqs:440 16
[    0.000000] Console: colour VGA+ 80x25
[    0.000000] console [tty1] enabled
[    0.000000] console [ttyS0] enabled
[    0..000000] allocated 1048576 bytes of page_ext
[    0.000000] tsc: Detected 2699.998 MHz processor
[    2.310044] Calibrating delay loop (skipped) preset value.. 5399.99 BogoMIPS (lpj=10799992)
[    2.313046] pid_max: default: 32768 minimum: 301
[    2.315865] ACPI: Core revision 20150930
[    2.318780] ACPI: 2 ACPI AML tables successfully acquired and loaded
[    2.324861] Security Framework initialized
[    2.330661] Yama: becoming mindful.
[    2.334337] AppArmor: AppArmor initialized
[    2.346101] Mount-cache hash table entries: 2048 (order: 1, 8192 bytes)
[    2.368309] Mountpoint-cache hash table entries: 2048 (order: 1, 8192 bytes)
[    2.387449] Initializing cgroup subsys io
[    2.399216] Initializing cgroup subsys memory
[    2.411708] Initializing cgroup subsys devices
[    2.419968] Initializing cgroup subsys freezer
[    2.424706] Initializing cgroup subsys net_cls
[    2.426285] Initializing cgroup subsys perf_event
[    2.447968] Initializing cgroup subsys net_prio
[    2.458792] Initializing cgroup subsys hugetlb
[    2.463367] Initializing cgroup subsys pids
[    2.477489] mce: CPU supports 0 MCE banks
[    2.498778] Last level iTLB entries: 4KB 64, 2MB 8, 4MB 8
[    2.523059] Last level dTLB entries: 4KB 64, 2MB 0, 4MB 0, 1GB 4
[    2.539557] Spectre V2 : Mitigation: Full generic retpoline
[    2.569430] Spectre V2 : Spectre v2 mitigation: Speculation control IBPB not-supported IBRS not-supported
[    2.578882] Spectre V2 : Spectre v2 / SpectreRSB mitigation: Filling RSB on context switch
[    2.590722] Speculative Store Bypass: Vulnerable
[    2.595453] Freeing SMP alternatives memory: 32K
[    2.606220] ftrace: allocating 31566 entries in 62 pages
[    2.708615] smpboot: APIC(0) Converting physical 0 to logical package 0
[    2.723785] smpboot: Max logical packages: 1
[    2.725705] Enabling APIC mode:  Flat.  Using 1 I/O APICs
[    2.749149] ..TIMER: vector=0x30 apic1=0 pin1=2 apic2=-1 pin2=-1
[    2.874291] smpboot: CPU0: Intel(R) Core(TM) i5-5257U CPU @ 2.70GHz (family: 0x6, model: 0x3d, stepping: 0x4)
[    2.912167] Performance Events: unsupported p6 CPU model 61 no PMU driver, software events only.
[    2.956515] KVM setup paravirtual spinlock
[    2.968077] x86: Booting SMP configuration:
[    2.975239] .... node  #0, CPUs:      #1
[1266874885.446701] Initializing CPU#1
[    2.990276] kvm-clock: cpu 1, msr 0:37bfd041, secondary cpu clock
[    2.994640] mce: CPU supports 0 MCE banks
[    3.006212] x86: Booted up 1 node, 2 CPUs
[    3.011685] smpboot: Total of 2 processors activated (10799.99 BogoMIPS)
[    3.048651] devtmpfs: initialized
[    3.059429] evm: security.selinux
[    3.071163] evm: security.SMACK64
[    3.079792] evm: security.SMACK64EXEC
[    3.081638] evm: security.SMACK64TRANSMUTE
[    3.088207] evm: security.SMACK64MMAP
[    3.089813] evm: security.ima
[    3.098625] evm: security.capability
[    3.115263] clocksource: jiffies: mask: 0xffffffff max_cycles: 0xffffffff, max_idle_ns: 7645041785100000 ns
[    3.148499] futex hash table entries: 512 (order: 3, 32768 bytes)
[    3.170880] pinctrl core: initialized pinctrl subsystem
[    3.175607] RTC time: 18:23:35, date: 01/26/19
[    3.183818] NET: Registered protocol family 16
[    3.186843] EISA bus registered
[    3.198729] cpuidle: using governor ladder
[    3.230619] cpuidle: using governor menu
[    3.246800] PCCT header not found.
[    3.263696] ACPI: bus type PCI registered
[    3.283445] acpiphp: ACPI Hot Plug PCI Controller Driver version: 0.5
[    3.290937] PCI : PCI BIOS area is rw and x. Use pci=nobios if you want it NX.
[    3.319944] PCI: PCI BIOS revision 2.10 entry at 0xfda26, last bus=0
[    3.330413] PCI: Using configuration type 1 for base access
[    3.364086] ACPI: Added _OSI(Module Device)
[    3.368752] ACPI: Added _OSI(Processor Device)
[    3.370345] ACPI: Added _OSI(3.0 _SCP Extensions)
[    3.398838] ACPI: Added _OSI(Processor Aggregator Device)
[    3.401937] ACPI: Executed 1 blocks of module-level executable AML code
[    3.407334] ACPI: Interpreter enabled
[    3.410707] ACPI: (supports S0 S5)
[    3.435327] ACPI: Using IOAPIC for interrupt routing
[    3.445271] PCI: Using host bridge windows from ACPI; if necessary, use "pci=nocrs" and report a bug
[    3.476516] ACPI: PCI Root Bridge [PCI0] (domain 0000 [bus 00-ff])
[    3.488995] acpi PNP0A03:00: _OSC: OS supports [ASPM ClockPM Segments MSI]
[    3.491239] acpi PNP0A03:00: _OSC: not requesting OS control; OS requires [ExtendedConfig ASPM ClockPM MSI]
[    3.494296] acpi PNP0A03:00: fail to add MMCONFIG information, can't access extended PCI configuration space under this bridge.
[    3.531967] PCI host bridge to bus 0000:00
[    3.547496] pci_bus 0000:00: root bus resource [io  0x0000-0x0cf7 window]
[    3.555578] pci_bus 0000:00: root bus resource [io  0x0d00-0xffff window]
[    3.567645] pci_bus 0000:00: root bus resource [mem 0x000a0000-0x000bffff window]
[    3.581537] pci_bus 0000:00: root bus resource [mem 0x40000000-0xfdffffff window]
[    3.600078] pci_bus 0000:00: root bus resource [bus 00-ff]
[    3.607540] pci 0000:00:01.1: legacy IDE quirk: reg 0x10: [io  0x01f0-0x01f7]
[    3.616545] pci 0000:00:01.1: legacy IDE quirk: reg 0x14: [io  0x03f6]
[    3.628218] pci 0000:00:01.1: legacy IDE quirk: reg 0x18: [io  0x0170-0x0177]
[    3.631166] pci 0000:00:01.1: legacy IDE quirk: reg 0x1c: [io  0x0376]
[    3.660259] pci 0000:00:07.0: quirk: [io  0x4000-0x403f] claimed by PIIX4 ACPI
[    3.664075] pci 0000:00:07.0: quirk: [io  0x4100-0x410f] claimed by PIIX4 SMB
[    3.679002] ACPI: PCI Interrupt Link [LNKA] (IRQs 5 9 10 *11)
[    3.691450] ACPI: PCI Interrupt Link [LNKB] (IRQs 5 9 *10 11)
[    3.715163] ACPI: PCI Interrupt Link [LNKC] (IRQs 5 *9 10 11)
[    3.718678] ACPI: PCI Interrupt Link [LNKD] (IRQs 5 9 10 *11)
[    3.721278] ACPI: Enabled 2 GPEs in block 00 to 07
[    3.724325] vgaarb: setting as boot device: PCI:0000:00:02.0
[    3.726963] vgaarb: device added: PCI:0000:00:02.0,decodes=io+mem,owns=io+mem,locks=none
[    3.742333] vgaarb: loaded
[    3.743781] vgaarb: bridge control possible 0000:00:02.0
[    3.747024] SCSI subsystem initialized
[    3.749400] ACPI: bus type USB registered
[    3.751468] usbcore: registered new interface driver usbfs
[    3.768280] usbcore: registered new interface driver hub
[    3.779327] usbcore: registered new device driver usb
[    3.786347] PCI: Using ACPI for IRQ routing
[    3.792457] NetLabel: Initializing
[    3.795070] NetLabel:  domain hash size = 128
[    3.798889] NetLabel:  protocols = UNLABELED CIPSOv4
[    3.807883] NetLabel:  unlabeled traffic allowed by default
[    3.821707] amd_nb: Cannot enumerate AMD northbridges
[    3.828744] clocksource: Switched to clocksource kvm-clock
[    3.857311] AppArmor: AppAror Filesytem Enabed
[    3.941338] pnp: PnP ACPI init
[    3.94438] pnp: PnP ACPI: found 3 dvices
[    4.006997] PnPBIOS: Disabled by ACPI PNP

[   4053326] clocksource: acpi_pm: mask: 0xffffff max_cycles: 0xffffff, max_idle_ns: 2085701024 ns
[   4.109285] NET: egisteredprotocol fmily 2

[    4.213410] TCP established hash tale entries: 8192 (order: 3, 32768 bytes)

[    4.247519] TCP bind hash table entries:8192 (order: 4, 65536 bytes)
[    4.276697] TCP: Hash tables configred (established 8192 bind 8192)
[   4.304993] UP hash table entries: 512 (order: 2, 16384 bytes)
[    4.359735] UDP-Lite hash table entries: 512 (order 2, 16384 bytes)
[    4.87193] NET: Registered protocol family 1
[    4.41348] pci000:00:00.0: Liiting direct PCI/PCI transfers
[   4.521952] pci 0000:00:01.: Activating ISA DMA hang workarounds
[   4.577081] packing nitramfs...

[    5.023191] Freeing initrd memory: 14396K
[    5.032535] RAPL PMU detected, API unit is 2^-32 Joules, 4 fixed counters 10737418240 ms ovfl timer
[    5.054997] hw unit of domain pp0-core 2^-0 Joules
[    5.059600] hw unit of domain package 2^-0 Joules
[    5.074156] hw unit of domain dram 2^-0 Joules
[    5.081473] hw unit of domain pp1-gpu 2^-0 Joules
[    5.088234] platform rtc_cmos: registered platform RTC device (no PNP device found)
[    5.092813] Scanning for low memory corruption every 60 seconds
[    5.096471] audit: initializing netlink subsys (disabled)
[    5.102425] audit: type=2000 audit(1548527020.067:1): initialized
[    5.111259] Initialise system trusted keyring
[    5.115581] HugeTLB registered 2 MB page size, pre-allocated 0 pages
[    5.142579] zbud: loaded
[    5.144314] VFS: Disk quotas dquot_6.6.0
[    5.147249] VFS: Dquot-cache hash table entries: 1024 (order 0, 4096 bytes)
[    5.15503] squashs: version 4.0 (2009/01/31) Phillip Lougher

[    5.4059] fuse init (API version 7.23)

[    5.273484] Key type big_key registered[   5.305947]Allocating IMA MOK and blacklit keyrings.

[    5.415183] Key type asymmetric registered
[    5.427296] Asymmetric key parser 'x509' registered
[    5.434552] bounce: pool size: 64 pages
[    5.449916] Block layer SCSI generic (bsg) driver version 0.4 loaded (major 249)
[    5.47274] io scheduler noop egistere
[    5.554731]io scheduler deadline egistred (default)
[    5.634642] io scheduler cfq registere
[    5.662803] pci_hotplug: PCHot Plug PCI Core version: 0.5
[    5.7249] pciehp: PCI Express Hot Plug Controller Driver version: 0.4
[    5.78773] ACPI AC Adapter[AC] (on-line)

[    5.861233] input: Power Button as /devices/LNXSYSTM:00/LNXPWRBN:00/input/input
[    5.95760] ACPI: Power Button [PWRF]
[    5.922329] input: Sleep Button as /devices/LNXSYSTM:00/LNXSLPBN:00/input/input1
[   5.924855] ACPI: Sleep Button [SLPF]

[    5.952274] GHES: HEST is not enabled!
[    5.95432] ACPI: Battery Slot [BAT0] (batery present)

[    6.024658] isapnp: Scanning for PnP cards...
[    6.032315] Serial: 8250/16550 driver, 32 ports, IRQ sharing enabled
[    6.090573] 00:02: ttyS0 at I/O 0x3f8 (irq = 4, base_baud = 115200) is a 16550A
[    6.113448] Linux agpgart interface v0.103
[    6.131735] tsc: Refined TSC clocksource calibration: 2700.695 MHz
[    6.142603] clocksource: tsc: mask: 0xffffffffffffffff max_cycles: 0x26edcecb162, max_idle_ns: 440795252404 ns
[    6.160185] loop: module loaded
[    6.162246] scsi host0: ata_piix
[    6.170475] scsi host1: ata_piix
[    6.171637] ata1: PATA max UDMA/33 cmd 0x1f0 ctl 0x3f6 bmdma 0xd000 irq 14
[    6.193392] ata2: PATA max UDMA/33 cmd 0x170 ctl 0x376 bmdma 0xd008 irq 15
[    6.197000] libphy: Fixed MDIO Bus: probed
[    6.198725] tun: Universal TUN/TAP device driver, 1.6
[    6.202135] tun: (C) 1999-2004 Max Krasnyansky <maxk@qualcomm.com>
[    6.204663] PPP generic driver version 2.4.2
[    6.206609] ehci_hcd: USB 2.0 'Enhanced' Host Controller (EHCI) Driver
[    6.209382] ehci-pci: EHCI PCI platform driver
[    6.211242] ehci-platform: EHCI generic platform driver
[    6.213196] ohci_hcd: USB 1.1 'Open' Host Controller (OHCI) Driver
[    6.216136] ohci-pci: OHCI PCI platform driver
[    6.218100] ohci-platform: OHCI generic platform driver
[    6.219980] uhci_hcd: USB Universal Host Controller Interface driver
[    6.223109] i8042: PNP: PS/2 Controller [PNP0303:PS2K,PNP0f03:PS2M] at 0x60,0x64 irq 1,12
[    6.230170] serio: i8042 KBD port at 0x60,0x64 irq 1
[    6.241664] serio: i8042 AUX port at 0x60,0x64 irq 12
[    6.269291] mousedev: PS/2 mouse device common for all mice
[    6.272354] rtc_cmos rtc_cmos: rtc core: registered rtc_cmos as rtc0
[    6.274681] input: AT Translated Set 2 keyboard as /devices/platform/i8042/serio0/input/input2
[    6.284931] rtc_cmos rtc_cmos: alarms up to one day, 114 bytes nvram
[    6.293836] i2c /dev entries driver
[    6.296591] device-mapper: uevent: version 1.0.3
[    6.298840] device-mapper: ioctl: 4.34.0-ioctl (2015-10-28) initialised: dm-devel@redhat.com
[    6.301757] platform eisa.0: Probing EISA bus 0
[    6.303631] platform eisa.0: EISA: Cannot allocate resource for mainboard
[    6.307677] platform eisa.0: Cannot allocate resource for EISA slot 1
[    6.309718] platform eisa.0: Cannot allocate resource for EISA slot 2
[    6.311753] platform eisa.0: Cannot allocate resource for EISA slot 3
[    6.314671] platform eisa.0: Cannot allocate resource for EISA slot 4
[    6.324421] platform eisa.0: Cannot allocate resource for EISA slot 5
[    6.326769] platform eisa.0: Cannot allocate resource for EISA slot 6
[    6.328760] platform eisa.0: Cannot allocate resource for EISA slot 7
[    6.331393] platform eisa.0: Cannot allocate resource for EISA slot 8
[    6.334147] platform eisa.0: EISA: Detected 0 cards
[    6.336213] cpufreq-nforce2: No nForce2 chipset.
[    6.338290] ledtrig-cpu: registered to indicate activity on CPUs
[    6.348014] NET: Registered protocol family 10
[    6.350314] NET: Registered protocol family 17
[    6.351784] Key type dns_resolver registered
[    6.353973] Using IPI No-Shortcut mode
[    6.355987] registered taskstats version 1
[    6.363261] Loading compiled-in X.509 certificates
[    6.367828] Loaded X.509 cert 'Build time autogenerated kernel key: 8ee7231a1e42e4b4a17d0e4b95c66ffe15d3b32e'
[    6.376489] zswap: loaded using pool lzo/zbud
[    6.382679] Key type trusted registered
[    6.388088] Key type encrypted registered
[    6.389739] AppArmor: AppArmor sha1 policy hashing enabled
[    6.398706] ima: No TPM chip found, activating TPM-bypass!
[    6.401072] ima: Allocated hash algorithm: sha1
[    6.402961] evm: HMAC attrs: 0x1
[    6.412787]   Magic number: 3:655:393
[    6.414375] rtc_cmos rtc_cmos: setting system clock to 2019-01-26 18:23:38 UTC (1548527018)
[    6.425373] BIOS EDD facility v0.16 2004-Jun-25, 0 devices found
[    6.432805] EDD information not available.
[    6.432940] isapnp: No Plug & Play device found
[    6.462635] Freeing unused kernel memory: 952K
[    6.477029] Write protecting the kernel text: 8056k
[    7.044768] Write protecting the kernel read-only data: 3184k
[    7.729182] NX-protecting the kernel data: 6280k
Loading, please wait...
starting version 229[    7.753093] random: systemd-udevd: uninitialized urandom read (16 bytes read, 4 bits of entropy available)

[    7.753662] random: udevadm: uninitialized urandom read (16 bytes read, 4 bits of entropy available)
[    7.763926] random: udevadm: uninitialized urandom read (16 bytes read, 4 bits of entropy available)
[    7.763967] random: udevadm: uninitialized urandom read (16 bytes read, 4 bits of entropy available)
[    7.764096] random: udevadm: uninitialized urandom read (16 bytes read, 4 bits of entropy available)
[    7.764145] random: udevadm: uninitialized urandom read (16 bytes read, 4 bits of entropy available)
[    7.764189] random: udevadm: uninitialized urandom read (16 bytes read, 4 bits of entropy available)
[    7.764237] random: udevadm: uninitialized urandom read (16 bytes read, 4 bits of entropy available)
[    7.764285] random: udevadm: uninitialized urandom read (16 bytes read, 4 bits of entropy available)
[    7.764328] random: udevadm: uninitialized urandom read (16 bytes read, 4 bits of entropy available)
[    7.981618] e1000: Intel(R) PRO/1000 Network Driver - version 7.3.21-k8-NAPI
[    7.996224] e1000: Copyright (c) 1999-2006 Intel Corporation.
[    8.014636] Fusion MPT base driver 3.04.20
[    8.017508] Copyright (c) 1999-2008 LSI Corporation
[    8.071321] Fusion MPT SPI Host driver 3.04.20
[    8.230840] input: ImExPS/2 Generic Explorer Mouse as /devices/platform/i8042/serio1/input/input4
[    8.530334] e1000 0000:00:03.0 eth0: (PCI:33MHz:32-bit) 02:bc:1f:be:e4:04
[    8.541446] e1000 0000:00:03.0 eth0: Intel(R) PRO/1000 Network Connection
[    8.553117] mptbase: ioc0: Initiating bringup
[    8.553448] e1000 0000:00:03.0 enp0s3: renamed from eth0
[    8.649425] ioc0: LSI53C1030 A0: Capabilities={Initiator}
[    9.089904] scsi host2: ioc0: LSI53C1030 A0, FwRev=00000000h, Ports=1, MaxQ=256, IRQ=20
[    9.728471] scsi 2:0:0:0: Direct-Access     VBOX     HARDDISK         1.0  PQ: 0 ANSI: 5
[    9.746190] scsi target2:0:0: Beginning Domain Validation
[    9.764608] scsi target2:0:0: Domain Validation skipping write tests
[   10.091195] scsi target2:0:0: Ending Domain Validation
[   10.099570] scsi target2:0:0: asynchronous
[   10.111130] scsi 2:0:1:0: Direct-Access     VBOX     HARDDISK         1.0  PQ: 0 ANSI: 5
[   10.530176] scsi target2:0:1: Beginning Domain Validation
[   10.733862] scsi target2:0:1: Domain Validation skipping write tests
[   11.079491] scsi target2:0:1: Ending Domain Validation
[   11.086087] scsi target2:0:1: asynchronous
[   11.102085] sd 2:0:0:0: Attached scsi generic sg0 type 0
[   11.102555] sd 2:0:0:0: [sda] 20971520 512-byte logical blocks: (10.7 GB/10.0 GiB)
[   11.103928] sd 2:0:0:0: [sda] Write Protect is off
[   11.104190] sd 2:0:0:0: [sda] Incomplete mode parameter data
[   11.104192] sd 2:0:0:0: [sda] Assuming drive cache: write through
[   11.110193]  sda: sda1
[   11.111235] sd 2:0:0:0: [sda] Attached SCSI disk
[   11.128139] sd 2:0:1:0: Attached scsi generic sg1 type 0
[   11.128352] sd 2:0:1:0: [sdb] 20480 512-byte logical blocks: (10.5 MB/10.0 MiB)
[   11.128632] sd 2:0:1:0: [sdb] Write Protect is off
[   11.128916] sd 2:0:1:0: [sdb] Incomplete mode parameter data
[   11.128917] sd 2:0:1:0: [sdb] Assuming drive cache: write through
[   11.134376] sd 2:0:1:0: [sdb] Attached SCSI disk
Begin: Loading essential drivers ... [   12.519857] md: linear personality registered for level -1
[   12.540763] md: multipath personality registered for level -4
[   12.548257] md: raid0 personality registered for level 0
[   12.577052] md: raid1 personality registered for level 1
[   12.656824] raid6: mmxx1    gen()  5135 MB/s
[   12.724916] raid6: mmxx2    gen()  5156 MB/s
[   12.801025] raid6: sse1x1   gen()  4383 MB/s
[   12.868748] raid6: sse1x2   gen()  5016 MB/s
[   12.937935] raid6: sse2x1   gen()  2541 MB/s
[   13.012983] raid6: sse2x1   xor()  3543 MB/s
[   13.081024] raid6: sse2x2   gen() 10699 MB/s
[   13.152984] raid6: sse2x2   xor()  6802 MB/s
[   13.221735] raid6: avx2x1   gen() 16278 MB/s
[   13.292986] raid6: avx2x2   gen() 19425 MB/s
[   13.298382] raid6: using algorithm avx2x2 gen() 19425 MB/s
[   13.301200] raid6: using avx2x1 recovery algorithm
[   13.309309] xor: automatically using best checksumming function:
[   13.353331]    avx       : 29920.000 MB/sec
[   13.369386] async_tx: api initialized (async)
[   13.402715] md: raid6 personality registered for level 6
[   13.413673] md: raid5 personality registered for level 5
[   13.428577] md: raid4 personality registered for level 4
[   13.446534] md: raid10 personality registered for level 10
done.
Begin: Running /scripts/init-premount ... done.
Begin: Mounting root file system ... Begin: Running /scripts/local-top ... done.
Begin: Running /scripts/local-premount ... [   13.518289] Btrfs loaded
Scanning for Btrfs filesystems
done.
Warning: fsck not present, so sk[   13.562403] EXT4-fs (sda1): mounted filesystem with ordered data mode. Opts: (null)
ipping root file system
done.
Begin: Running /scripts/local-bottom ... done.
Begin: Running /scripts/init-bottom ... done.
[   13.721721] systemd[1]: systemd 229 running in system mode. (+PAM +AUDIT +SELINUX +IMA +APPARMOR +SMAK +SYSVINIT +UTMP +LIBCRYPTSETUP +GCRYPT +GNULS +ACL +XZ -L4 +SECCOM +BLKID +ELFUTILS +KMOD -IDN)
[   13.836709]systemd[1]: Detected virtualization oracle.
[   1.864399] systemd[1]: Detected architecture x86.


Welcome to [1mUbuntu 16.04.5 LTS[0m!

[   13.905671]systemd[1]: Set hostname to <ubuntu>.

[   13.941409] sytemd[1]: Iniializingmachine ID from random generator.
[   14.061198] systemd[1]: Installed transient /etc/machine-i file.
[   14.345296] systemd[1]: Set up automount Arbitrary Executable File Formats File System Automount Point.
[[0;32m  OK  [0m] Set up automount Arbitrary Executab...ats File System Automount Point.
[   14.365925] systemd[1]: Reached target Swap.
[[0;32m  OK  [0m] Reached target Swap.
[   14.37440] systemd[1]: Created slice User and Session Slice.

[[0;32m  OK  [0m] Created slice User and Session Slice.
[   14.416885] systemd[1]: Started Forard Passwod Requests to Wall Directory Watch.

[[0;32m  OK  [0m] Started Forward Password Requests to Wall Directory Watch.
[   14.01819] systemd[1]: Listening on Journal Socet (/dev/log).

[[0;32m  OK  [0m] Listening on Journal Socket (/dev/log).
[   14.565417] sytem[1]: Listening on LVM2 poll daemon socket.

[[0;32m  OK  [0m] Listening on LVM2 poll daemon socket.
[   14.630314] systemd[1]: Listening on udev Control Socket.
[[0;32m  OK  [0m] Listening on udev Control Socket.
[   14.647476] systemd[1]: Lsteningon LVM2metaddata daemo socket.

[[0;32m  OK  [0m] Listening on LVM2 metadata daemon socket.
[   14.773583] systemd[1: Created slice System Slice.

[[0;32m  OK  [0m] Created slice System Slice.
[   14.812858] systemd[1]: Reached target System Time Synchronized.
[[0;32m  OK  [0m] Reached target System Time Synchronized.
[   14.83383] systemd[1]: Reached target Slices.

[[0;32m  OK  [0m] Reached target Slices.
[   14.865401] systemd[1]: Listening n /dev/initctl Compatibility Named Pipe.

[[0;32m  OK  [0m] Listening on /dev/initctl Compatibility Named Pipe.
[   14.909371] systemd[1]: Litening on Syslg Socket.

[[0;32m  OK  [0m] Listening on Syslog Socket.
[   14.982674] systemd[1]: Reached target User and Group Nme Lookps.

[[0;32m  OK  [0m] Reached target User and Group Name Lookups.
[   15.057419] systemd[1]: Listening on udev Kernel Socket.
[[0;32m  OK  [0m] Listening on udev Kernel Socket.
[   15.071516] systemd[1]: Reached target Encrypted Volumes.
[[0;32m  OK  [0m] Reached target Encrypted Volumes.
[   15.078627] systemd[1]: Listening on Journal Audit Socket.
[[0;32m  OK  [0m] Listening on Journal Audit Socket.
[   15.101997] systemd[1]: Created slice system-serial\x2dgetty.slice.
[[0;32m  OK  [0m] Created slice system-serial\x2dgetty.slice.
[   15.114673] systemd[1]: Listenig on Journal Socket.

[[0;32m  OK  [0m] Listening on Journal Socket.
[   15.161385] systemd[1]: Starting Journal Service...
         Starting Journal Service...
[   15.184486] systemd[1]: Starting Remount Root and Kernel File Systems...
[   15.201536] random: nonblocking pool is initialized
[   15.209015] EXT4-fs (sda1): re-mounted. Opts: (null)
         Starting Remount Root and Kernel File Systems...
[   15.257310] systemd[1]: Mounting POSIX Message Queue File System...
         Mounting POSIX Message Queue File System...
[   15.305029] systemd[1]: Starting Create list of required static device nodes for the current kernel...
         Starting Create list of required st... nodes for the current kernel...
[   15.333744] systemd[1]: Starting Nameserver information manager...
         Starting Nameserver information manager...
[   15.364961] systemd[1]: Mounting Debug File System...
         Mounting Debug File System...
[   15.380997] systemd[1]: Starting Set console keymap...
         Starting Set console keymap...
[   15.398746] systemd[1]: Mounting Huge Pages File System...
         Mounting Huge Pages File System...
[   15.411757] systemd[1]: Starting Load Kernel Modules...
         Starting Load Kernel Modules...[   15.426124] Loading iSCSI transport class v2.0-870.

[   15.439960] systemd[1]: Starting Uncomplicated firewall...
         Starting Uncomplicated firewall...
[   15.455994] systemd[1]: Listening on Device-mapper event daemon FIFOs.
[[0;32m  OK  [[   15.472482] iscsi: registered transport (tcp)
0m] Listening on Device-mapper event daemon FIFOs.
[   15.528434] iscsi: registered transport (iser)
[   15.529010] systemd[1]: Starting Monitoring of LVM2 mirrors, snapshots etc. using dmeventd or progress polling...
         Starting Monitoring of LVM2 mirrors... dmeventd or progress polling...
[   15.577102] systemd[1]: Started Trigger resolvconf update for networkd DNS.
[[0;32m  OK  [0m] Started Trigger resolvconf update for networkd DNS.
[   15.602610] systemd[1]: Mounted Huge Pages File System.
[[0;32m  OK  [0m] Mounted Huge Pages File System.
[   15.623952] systemd[1]: Mounted POSIX Message Queue File System.
[[0;32m  OK  [0m] Mounted POSIX Message Queue File System.
[   15.653428] systemd[1]: Mounted Debug File System.
[[0;32m  OK  [0m] Mounted Debug File System.
[   15.669736] systemd[1]: Started Journal Service.
[[0;32m  OK  [0m] Started Journal Service.
[[0;32m  OK  [0m] Started Remount Root and Kernel File Systems.
[[0;32m  OK  [0m] Started Create list of required sta...ce nodes for the current kernel.
[[0;32m  OK  [0m] Started Set console keymap.
[[0;32m  OK  [0m] Started Load Kernel Modules.
[[0;32m  OK  [0m] Started Uncomplicated firewall.
[[0;32m  OK  [0m] Started Nameserver information manager.
[[0;32m  OK  [0m] Started LVM2 metadata daemon.
         Mounting FUSE Control File System...
         Starting Apply Kernel Variables...
         Starting Create Static Device Nodes in /dev...
         Starting Load/Save Random Seed...
         Starting udev Coldplug all Devices...
         Starting Flush Journal to Persistent Storage...
[[0;32m  OK  [0m] Mounted FUSE Control File System.
[[0;32m  OK  [0m] Started Monitoring of LVM2 mirrors,...ng dmeventd or progress polling.
[[0;32m  OK  [0m] Started Apply Kernel Variables.
[[0;32m  OK  [0m] Started Create Static Device Nodes in /dev.
[[0;32m  OK  [0m] Started Load/Save Random Seed.
[[0;32m  OK  [0m] Started udev Coldplug all Devices.
[[0;32m  OK  [0m] Started Flush Journal to Persistent Storage.
         Starting udev Kernel Device Manager...
[[0;32m  OK  [0m] Reached target Local File Systems (Pre).
[[0;32m  OK  [0m] Reached target Local File Systems.
         Starting LSB: AppArmor initialization...
         Starting Set console font and keymap...
         Starting Tell Plymouth To Write Out Runtime Data...
         Starting Commit a transient machine-id on disk...
         Starting Initial cloud-init job (pre-networking)...
         Starting Create Volatile Files and Directories...
[[0;32m  OK  [0m] Started udev Kernel Device Manager.
[[0;32m  OK  [0m] Started Tell Plymouth To Write Out Runtime Data.
[[0;32m  OK  [0m] Started Commit a transient machine-id on disk.
[[0;32m  OK  [0m] Started Create Volatile Files and Directories.
         Starting Update UTMP about System Boot/Shutdown...
[[0;32m  OK  [0m] Started Dispatch Password Requests to Console Directory Watch.
[[0;32m  OK  [0m] Started Update UTMP about System Boot/Shutdown.
[[0;32m  OK  [0m] Found device /dev/ttyS0.
[[0;32m  OK  [0m] Listening on Load/Save RF Kill Switch Status /dev/rfkill Watch.
[   15.127762] cloud-init[488]: Cloud-init v. 18.4-0ubuntu1~16.04.2 running 'init-local' at Sat, 26 Jan 2019 18:23:49 +0000. Up 14.63 seconds.
[[0;32m  OK  [0m] Started Initial cloud-init job (pre-networking).
[[0;32m  OK  [0m] Started LSB: AppArmor initialization.
[[0;32m  OK  [0m] Reached target Network (Pre).
         Starting Raise network interfaces...
[[0;32m  OK  [0m] Started Set console font and keymap.
[[0;32m  OK  [0m] Created slice system-getty.slice.
[[0;32m  OK  [0m] Started Raise network interfaces.
         Starting Initial cloud-init job (metadata service crawler)...
[[0;32m  OK  [0m] Reached target Network.
[   17.136141] cloud-init[917]: Cloud-init v. 18.4-0ubuntu1~16.04.2 running 'init' at Sat, 26 Jan 2019 18:23:51 +0000. Up 16.23 seconds.
[   17.151473] cloud-init[917]: ci-info: ++++++++++++++++++++++++++++++++++++++Net device info++++++++++++++++++++++++++++++++++++++
[   17.184478] cloud-init[917]: ci-info: +--------+------+----------------------------+---------------+--------+-------------------+
[[0;32m  OK  [0m] Started Initial cloud-init job (metadata service crawler).
[   17.211456] cloud-init[917]: ci-info: | Device |  Up  |          Address           |      Mask     | Scope  |     Hw-Address    |
[   17.261408] [[0;32m  OK  [0m] Reached target Cloud-config availability.
cloud-init[[917]: [0;32m  OK  [0mci-info: +--------+------+----------------------------+---------------+--------+-------------------+] 
Reached target Network is Online.
[   17.263526] cloud-init[917]: ci-info: | enp0s3 | True |         10.0.2.15          | 255.255.255.0 | global | 02:bc:1f:be:e4:04 |
[   17.316366]          cloud-initStarting iSCSI initiator daemon (iscsid)...[917]: 
ci-info: | enp0s3 | True | fe80::bc:1fff:febe:e404/64 |       .       |  link  | 02:bc:1f:be:e4:04 |
[   17.349244] cloud-init[917]: ci-info: |   lo   | True |         127.0.0.1          |   255.0.0.0   |  host  |         .         |
[[0;32m  OK  [0m] Reached target System Initialization.
[   17.352938] cloud-init[917]: ci-info: |   lo   | True |          ::1/128           |       .       |  host  |         .         |
[   17.405417] [[0;32m  OK  [0m] Started ACPI Events Check.
[[0;32m  OK  [0m] Reached target Paths.
cloud-init[917]: ci-info: +--------+------+----------------------------+---------------+--------+-------------------+
[   17.435039] cloud-init[917]: ci-info: +++++++++++++++++++++++++++Route IPv4 info++++++++++++++++++++++++++++
[   17.437256] cloud-init[917]: ci-info: +-------+-------------+----------+---------------+-----------+-------+
         Starting LXD - unix socket.
[   17.437312] [[0;32m  OK  [0m] Listening on D-Bus System Message Bus Socket.
         Starting Socket activation for snappy daemon.
cloud-init[917]: ci-info: | Route | Destination | Gateway  |    Genmask    | Interface | Flags |
[[0;32m  OK  [0m] Started Daily Cleanup of Temporary Directories.
[[0;32m  OK  [0m] Listening on ACPID Listen Socket.
[[0;32m  OK  [0m] Started Daily apt download activities.
[   17.535852] cloud-init[917]: ci-info: +-------+-------------+----------+---------------+-----------+-------+
[   17.582307] cloud-init[917]: ci-info: |   0   |   0.0.0.0   | 10.0.2.2 |    0.0.0.0    |   enp0s3  |   UG  |
[[0;32m  OK  [0m] Started Daily apt upgrade and clean activities.
[[0;32m  OK  [0m] Reached target Timers.
[[0;32m  OK  [0m[   17.586536] ] cloud-initListening on UUID daemon activation socket.[917]: 
ci-info: |   1   |   10.0.2.0  | 0.0.0.0  | 255.255.255.0 |   enp0s3  |   U   |
[[0;32m  OK  [0m] Listening on LXD - unix socket.
[   17.656151] cloud-init[917]: ci-info: +-------+-------------+----------+---------------+-----------+-------+
[   17.660319] cloud-init[917]: ci-info: +++++++++++++++++++Route IPv6 info+++++++++++++++++++
[   17.661158] cloud-init[917]: ci-info: +-------+-------------+---------+-----------+-------+
[   17.661210] cloud-init[917]: ci-info: | Route | Destination | Gateway | Interface | Flags |
[   17.661254] cloud-init[917]: ci-info: +-------+-------------+---------+-----------+-------+
[   17.661296] cloud-init[917]: ci-info: |   0   |  fe80::/64  |    ::   |   enp0s3  |   U   |
[   17.661339] cloud-init[917]: ci-info: |   3   |   ff00::/8  |    ::   |   enp0s3  |   U   |
[   17.661390] cloud-init[917]: ci-info: +-------+-------------+---------+-----------+-------+
[   17.662010] cloud-init[917]: Generating public/private rsa key pair.
[   17.662064] cloud-init[917]: Your identification has been saved in /etc/ssh/ssh_host_rsa_key.
[   17.662105] cloud-init[917]: Your public key has been saved in /etc/ssh/ssh_host_rsa_key.pub.
[   17.662146] cloud-init[917]: The key fingerprint is:
[   17.662186] cloud-init[917]: SHA256:GvlSUoUtbodq+it+hP9CMOSDQ6jH+kHzXCkWGYto3yY root@ubuntu-xenial
[   17.662233] cloud-init[917]: The key's randomart image is:
[   17.662273] cloud-init[917]: +---[RSA 2048]----+
[   17.662312] cloud-init[917]: | .  .o   o.      |
[   17.662352] cloud-init[917]: |....+.  o..      |
[   17.662392] cloud-init[917]: |o+.+.. o.o       |
[   17.662430] cloud-init[917]: |o O O oo+ .      |
[   17.662469] cloud-init[917]: | + E X+oS.       |
[   17.662509] cloud-init[917]: |. . * =*         |
[   17.662548] cloud-init[917]: | . . *o .        |
[   17.662586] cloud-init[917]: |  . o +.         |
[   17.662626] cloud-init[917]: |   ..+o+.        |
[   17.662668] cloud-init[917]: +----[SHA256]-----+
[   17.662750] cloud-init[917]: Generating public/private dsa key pair.
[   17.662791] cloud-init[917]: Your identification has been saved in /etc/ssh/ssh_host_dsa_key.
[   17.662831] cloud-init[917]: Your public key has been saved in /etc/ssh/ssh_host_dsa_key.pub.
[   17.662872] cloud-init[917]: The key fingerprint is:
[   17.662911] cloud-init[917]: SHA256:S5kupPjrvFCsZhyOZcDxyzbpxXlNj9wUz11V7nsZKdg root@ubuntu-xenial
[   17.662951] cloud-init[917]: The key's randomart image is:
[   17.662992] cloud-init[917]: +---[DSA 1024]----+
[   17.663033] cloud-init[917]: | .         .    *|
[   17.663073] cloud-init[917]: |. o         + ...|
[   17.663112] cloud-init[917]: |.. .     . . o ..|
[   17.663151] cloud-init[917]: | ...+ . +o= o  ..|
[   17.663192] cloud-init[917]: |  +*o+..S+ + E o.|
[   17.663231] cloud-init[917]: | *o=oo.o .    . +|
[   17.663281] cloud-init[917]: |. O.. . o      o.|
[   17.663322] cloud-init[917]: | o +   .        .|
[   17.663362] cloud-init[917]: |   .*o           |
[   17.663401] cloud-init[917]: +----[SHA256]-----+
[   17.663440] cloud-init[917]: Generating public/private ecdsa key pair.
[   17.663480] cloud-init[917]: Your identification has been saved in /etc/ssh/ssh_host_ecdsa_key.
[   17.663520] cloud-init[917]: Your public key has been saved in /etc/ssh/ssh_host_ecdsa_key.pub.
[   17.663560] cloud-init[917]: The key fingerprint is:
[   17.663598] cloud-init[917]: SHA256:94WeJ31FUmCImNAJ/OeL9u8LkW4e1LjZVNiC/0XX+pc root@ubuntu-xenial
[   17.663638] cloud-init[917]: The key's randomart image is:
[   17.663677] cloud-init[917]: +---[ECDSA 256]---+
[   17.663716] cloud-init[917]: |     .o+ + . .o..|
[   17.663758] cloud-init[917]: |      . = ...+ ..|
[   17.663797] cloud-init[917]: |       .  . o + =|
[   17.663838] cloud-init[917]: |        . .= + =.|
[   17.663876] cloud-init[917]: |        So* = o o|
[   17.663916] cloud-init[917]: |         +.O = oo|
[   17.663955] cloud-init[917]: |         .B.* +E+|
[   17.663995] cloud-init[917]: |        oo.o o ..|
[   17.664038] cloud-init[917]: |       . .oo+.   |
[   17.664077] cloud-init[917]: +----[SHA256]-----+
[   17.664117] cloud-init[917]: Generating public/private ed25519 key pair.
[   17.664156] cloud-init[917]: Your identification has been saved in /etc/ssh/ssh_host_ed25519_key.[[0;32m  OK  [0m] Listening on Socket activation for snappy daemon.
[[0;32m  OK  [0m] Started iSCSI initiator daemon (iscsid).

[   18.143843] cloud-init[917]: Your public key has been saved in /etc/ssh/ssh_host_ed25519_key.pub.
[   18.153267] cloud-init[917]: The key fingerprint is:
[   18.160735]          Starting Login to default iSCSI targets...
[cloud-init[0;32m  OK  [0m[917]: ] SHA256:yjuxz4DuD0C9e4TLleyrfiSY3cTBN5Ku3rV0D6E4Ous root@ubuntu-xenialReached target Sockets.

[   18.193828] [[0;32m  OK  [0m] Reached target Basic System.
cloud-init[917]: The key's randomart image is:
[   18.233845]          Starting Accounts Service...
cloud-init[917]: +--[ED25519 256]--+
[   18.240927] cloud-init[917]: |     . .         |
[   18.251737] [[0;32m  OK  [0m] Started FUSE filesystem for LXC.
cloud-init[[0;32m  OK  [0m] Started Regular background program processing daemon.
[917]: |   .  = o        |
[   18.266736] cloud-init[917]: |  . .o + .       |
[   18.268249] cloud-init[917]: | .   ++.  .      |
[[0;32m  OK  [0m] Started ACPI event daemon.
[   18.268358] cloud-init[917]: |  .+o+=.S. .     |
[   18.296570] cloud-init[917]: |  oo+O*.+ o      |
[   18.308826] [cloud-init[0;32m  OK  [0m[917]: ] |   .*=** o o     |Started D-Bus System Message Bus.

[   18.340658] cloud-init[917]: |   .+o==.   .    |
[   18.353347]          Starting /etc/rc.local Compatibility...
[[0;32m  OK  [0m] Started Deferred execution scheduler.
cloud-init[917]: |   +E*+oo        |
[   18.372645] cloud-init[917]: +----[SHA256]-----+
         Starting Pollinate to seed the pseudo random number generator...
         Starting LSB: MD monitoring daemon...
         Starting Login Service...
[[0;32m  OK  [0m] Started Unattended Upgrades Shutdown.
         Starting LSB: Record successful boot for GRUB...
         Starting Snappy daemon...
         Starting Virtualbox guest utils...
         Starting System Logging Service...
         Starting LXD - container startup/shutdown...
[[0;32m  OK  [0m] Started /etc/rc.local Compatibility.
[[0;32m  OK  [0m] Started System Logging Service.
[[0;32m  OK  [0m] Started Login to default iSCSI targets.
[[0;32m  OK  [0m] Started LXD - container startup/shutdown.
[[0;32m  OK  [0m] Started Pollinate to seed the pseudo random number generator.
[[0;32m  OK  [0m] Started Snappy daemon.
[[0;32m  OK  [0m] Started LSB: MD monitoring daemon.
[[0;32m  OK  [0m] Started LSB: Record successful boot for GRUB.
         Starting Authenticate and Authorize Users to Run Privileged Tasks...
         Starting Wait until snapd is fully seeded...
         Starting OpenBSD Secure Shell server...
[[0;32m  OK  [0m] Reached target Remote File Systems (Pre).
[[0;32m  OK  [0m] Reached target Remote File Systems.
         Starting Permit User Sessions...
         Starting LSB: automatic crash report generation...
         Starting LSB: Set the CPU Frequency Scaling governor to "ondemand"...
         Starting LSB: daemon to balance interrupts for SMP systems...
[[0;32m  OK  [0m] Started Virtualbox guest utils.
[[0;32m  OK  [0m] Started Permit User Sessions.
[[0;32m  OK  [0m] Started Login Service.
[[0;32m  OK  [0m] Started OpenBSD Secure Shell server.
[[0;32m  OK  [0m] Started Authenticate and Authorize Users to Run Privileged Tasks.
[[0;32m  OK  [0m] Started Accounts Service.
[[0;32m  OK  [0m] Started LSB: automatic crash report generation.
         Starting Terminate Plymouth Boot Screen...
         Starting Hold until boot process finishes up...
[[0;32m  OK  [0m] Started LSB: Set the CPU Frequency Scaling governor to "ondemand".
[[0;32m  OK  [0m] Started LSB: daemon to balance interrupts for SMP systems.
[[0;32m  OK  [0m] Started Terminate Plymouth Boot Screen.
[[0;32m  OK  [0m] Started Hold until boot process finishes up.
[[0;32m  OK  [0m] Started Serial Getty on ttyS0.
         Starting Set console scheme...
[[0;32m  OK  [0m] Started Getty on tty1.
[[0;32m  OK  [0m] Reached target Login Prompts.
[[0;32m  OK  [0m] Started Wait until snapd is fully seeded.
[[0;32m  OK  [0m] Started Set console scheme.
         Starting Apply the settings specified in cloud-config...
[[0;32m  OK  [0m] Reached target Multi-User System.
[[0;32m  OK  [0m] Reached target Graphical Interface.
         Starting Update UTMP about System Runlevel Changes...
[[0;32m  OK  [0m] Started Update UTMP about System Runlevel Changes.
[   20.040865] cloud-init[1240]: Generating locales (this might take a while)...
[   20.954542] cloud-init[1240]:   en_US.UTF-8... done
[   20.957180] cloud-init[1240]: Generation complete.
[   21.299116] cloud-init[1240]: Cloud-init v. 18.4-0ubuntu1~16.04.2 running 'modules:config' at Sat, 26 Jan 2019 18:23:55 +0000. Up 19.91 seconds.
[[0;32m  OK  [0m] Started Apply the settings specified in cloud-config.
         Starting Execute cloud user/final scripts...
ci-info: no authorized ssh keys fingerprints found for user ubuntu.
<14>Jan 26 18:23:57 ec2: 
<14>Jan 26 18:23:57 ec2: #############################################################
<14>Jan 26 18:23:57 ec2: -----BEGIN SSH HOST KEY FINGERPRINTS-----
<14>Jan 26 18:23:57 ec2: 1024 SHA256:S5kupPjrvFCsZhyOZcDxyzbpxXlNj9wUz11V7nsZKdg root@ubuntu-xenial (DSA)
<14>Jan 26 18:23:57 ec2: 256 SHA256:94WeJ31FUmCImNAJ/OeL9u8LkW4e1LjZVNiC/0XX+pc root@ubuntu-xenial (ECDSA)
<14>Jan 26 18:23:57 ec2: 256 SHA256:yjuxz4DuD0C9e4TLleyrfiSY3cTBN5Ku3rV0D6E4Ous root@ubuntu-xenial (ED25519)
<14>Jan 26 18:23:57 ec2: 2048 SHA256:GvlSUoUtbodq+it+hP9CMOSDQ6jH+kHzXCkWGYto3yY root@ubuntu-xenial (RSA)
<14>Jan 26 18:23:57 ec2: -----END SSH HOST KEY FINGERPRINTS-----
<14>Jan 26 18:23:57 ec2: #############################################################
-----BEGIN SSH HOST KEY KEYS-----
ecdsa-sha2-nistp256 AAAAE2VjZHNhLXNoYTItbmlzdHAyNTYAAAAIbmlzdHAyNTYAAABBBHKpau5vR0NN+HtScjKaJxVWoxz9xq9+VMuInQhysEvQU64sBNtdo/48hMGnnFgnNKeU3WnNVgSuHrZxQOyStNE= root@ubuntu-xenial
ssh-ed25519 AAAAC3NzaC1lZDI1NTE5AAAAIFA/85qdP0csybxrpx5cD30gWgtqMxpKQF3xLhQKHulz root@ubuntu-xenial
ssh-rsa AAAAB3NzaC1yc2EAAAADAQABAAABAQDO8D55tPVtqD1tbbzE+PdFo9Q+gfgwbJQvn+qzQRPeJ9QG5DNUplXbSrJkQbK+BbIZkpnAI1Te3VwxrBOyutVunLniBxf2BmL6EjhkcfHC6EMe0fULzXdiPL2A16D2hxl2lkqpKKsne/jXVD9xjYzshb5zMOLp5QSh0085IKtC1L5r2xt5CIiJdMpYTY3+eEV+0eGW+INi+TsoXlTPIBfgQWYGMhdI6gvjKmNNNDFRLaPJDFo3POVHtb17jrL2MekWNYQrsoapbv4R0LAZeazVoI7yVZUTllVSgKdPXBRMQTjGfIvIbupdlC+kzE/Qv5fivczf4ll40UTymX3nHxZh root@ubuntu-xenial
-----END SSH HOST KEY KEYS-----
[   22.308961] cloud-init[1284]: Cloud-init v. 18.4-0ubuntu1~16.04.2 running 'modules:final' at Sat, 26 Jan 2019 18:23:57 +0000. Up 21.82 seconds.
[   22.316318] cloud-init[1284]: ci-info: no authorized ssh keys fingerprints found for user ubuntu.
[   22.330227] cloud-init[1284]: Cloud-init v. 18.4-0ubuntu1~16.04.2 finished at Sat, 26 Jan 2019 18:23:57 +0000. Datasource DataSourceNoCloud [seed=/dev/sdb][dsmode=net].  Up 22.30 seconds
[[0;32m  OK  [0m] Started Execute cloud user/final scripts.
[[0;32m  OK  [0m] Reached target Cloud-init target.

Ubuntu 16.04.5 LTS ubuntu-xenial ttyS0

ubuntu-xenial login: 